INFO 2020-12-26 21:25:45,882 root : Сервер доступний. Час на сервері: 2020-12-26T19:25:45.880
INFO 2020-12-26 21:25:45,882 root : Запитувана сторінка: : /health/
INFO 2020-12-26 21:25:45,882 root : Відповідь сервера місти наступні поля:
INFO 2020-12-26 21:25:45,882 root : Ключ: date, Значення: 2020-12-26T19:25:45.880
INFO 2020-12-26 21:25:45,882 root : Ключ: current_page, Значення: /health/
INFO 2020-12-26 21:25:45,882 root : Ключ: server_info, Значення: {'system': 'posix', 'user': 'vasyl'}
INFO 2020-12-26 21:25:45,882 root : Ключ: datetime, Значення: 2020-12-26T19:25:45.880372
INFO 2020-12-26 21:25:45,882 root : Ключ: server_url, Значення: http://localhost:8000/health/
INFO 2020-12-26 21:25:45,882 root : Ключ: client_info, Значення: python-requests/2.22.0
INFO 2020-12-26 21:26:46,000 root : Сервер доступний. Час на сервері: 2020-12-26T19:26:45.958
INFO 2020-12-26 21:26:46,001 root : Запитувана сторінка: : /health/
INFO 2020-12-26 21:26:46,002 root : Відповідь сервера місти наступні поля:
INFO 2020-12-26 21:26:46,002 root : Ключ: date, Значення: 2020-12-26T19:26:45.958
INFO 2020-12-26 21:26:46,006 root : Ключ: current_page, Значення: /health/
INFO 2020-12-26 21:26:46,006 root : Ключ: server_info, Значення: {'system': 'posix', 'user': 'vasyl'}
INFO 2020-12-26 21:26:46,007 root : Ключ: datetime, Значення: 2020-12-26T19:26:45.959282
INFO 2020-12-26 21:26:46,007 root : Ключ: server_url, Значення: http://localhost:8000/health/
INFO 2020-12-26 21:26:46,007 root : Ключ: client_info, Значення: python-requests/2.22.0
INFO 2020-12-26 21:27:46,086 root : Сервер доступний. Час на сервері: 2020-12-26T19:27:46.078
INFO 2020-12-26 21:27:46,086 root : Запитувана сторінка: : /health/
INFO 2020-12-26 21:27:46,086 root : Відповідь сервера місти наступні поля:
INFO 2020-12-26 21:27:46,087 root : Ключ: date, Значення: 2020-12-26T19:27:46.078
INFO 2020-12-26 21:27:46,087 root : Ключ: current_page, Значення: /health/
INFO 2020-12-26 21:27:46,087 root : Ключ: server_info, Значення: {'system': 'posix', 'user': 'vasyl'}
INFO 2020-12-26 21:27:46,087 root : Ключ: datetime, Значення: 2020-12-26T19:27:46.078348
INFO 2020-12-26 21:27:46,087 root : Ключ: server_url, Значення: http://localhost:8000/health/
INFO 2020-12-26 21:27:46,087 root : Ключ: client_info, Значення: python-requests/2.22.0
INFO 2020-12-26 21:28:46,201 root : Сервер доступний. Час на сервері: 2020-12-26T19:28:46.186
INFO 2020-12-26 21:28:46,212 root : Запитувана сторінка: : /health/
INFO 2020-12-26 21:28:46,217 root : Відповідь сервера місти наступні поля:
INFO 2020-12-26 21:28:46,217 root : Ключ: date, Значення: 2020-12-26T19:28:46.186
INFO 2020-12-26 21:28:46,218 root : Ключ: current_page, Значення: /health/
INFO 2020-12-26 21:28:46,218 root : Ключ: server_info, Значення: {'system': 'posix', 'user': 'vasyl'}
INFO 2020-12-26 21:28:46,218 root : Ключ: datetime, Значення: 2020-12-26T19:28:46.186919
INFO 2020-12-26 21:28:46,218 root : Ключ: server_url, Значення: http://localhost:8000/health/
INFO 2020-12-26 21:28:46,218 root : Ключ: client_info, Значення: python-requests/2.22.0
INFO 2020-12-26 21:29:46,288 root : Сервер доступний. Час на сервері: 2020-12-26T19:29:46.285
INFO 2020-12-26 21:29:46,290 root : Запитувана сторінка: : /health/
INFO 2020-12-26 21:29:46,290 root : Відповідь сервера місти наступні поля:
INFO 2020-12-26 21:29:46,291 root : Ключ: date, Значення: 2020-12-26T19:29:46.285
INFO 2020-12-26 21:29:46,291 root : Ключ: current_page, Значення: /health/
INFO 2020-12-26 21:29:46,291 root : Ключ: server_info, Значення: {'system': 'posix', 'user': 'vasyl'}
INFO 2020-12-26 21:29:46,291 root : Ключ: datetime, Значення: 2020-12-26T19:29:46.286002
INFO 2020-12-26 21:29:46,296 root : Ключ: server_url, Значення: http://localhost:8000/health/
INFO 2020-12-26 21:29:46,297 root : Ключ: client_info, Значення: python-requests/2.22.0
